Start testing: Oct 09 01:36 UTC
----------------------------------------------------------
1/1 Testing: TSCTest
1/1 Test: TSCTest
Command: "/home/runner/work/TSQ/TSQ/build/TSCTest"
Directory: /home/runner/work/TSQ/TSQ/build
"TSCTest" start time: Oct 09 01:36 UTC
Output:
----------------------------------------------------------
<end of output>
Test time =   3.00 sec
----------------------------------------------------------
Test Passed.
"TSCTest" end time: Oct 09 01:36 UTC
"TSCTest" time elapsed: 00:00:03
----------------------------------------------------------

End testing: Oct 09 01:36 UTC
